{
  "RSpec": {
    "coverage": {
      "/Users/johnfigueiredo/rails_projects/sample_app/app/controllers/application_controller.rb": [
        1,
        1,
        1,
        null
      ],
      "/Users/johnfigueiredo/rails_projects/sample_app/app/helpers/application_helper.rb": [
        1,
        null,
        null,
        1,
        251,
        251,
        24,
        null,
        227,
        null,
        null,
        null
      ],
      "/Users/johnfigueiredo/rails_projects/sample_app/app/helpers/sessions_helper.rb": [
        1,
        null,
        1,
        69,
        null,
        null,
        1,
        437,
        null,
        null,
        1,
        1075,
        null,
        null,
        1,
        157,
        null,
        null,
        1,
        64,
        11,
        11,
        null,
        null,
        null,
        1,
        1,
        null,
        null,
        1,
        60,
        60,
        null,
        null,
        1,
        11,
        null,
        null
      ],
      "/Users/johnfigueiredo/rails_projects/sample_app/app/helpers/static_pages_helper.rb": [
        1,
        null
      ],
      "/Users/johnfigueiredo/rails_projects/sample_app/app/helpers/users_helper.rb": [
        1,
        null,
        null,
        1,
        219,
        219,
        219,
        219,
        null,
        null
      ],
      "/Users/johnfigueiredo/rails_projects/sample_app/app/controllers/microposts_controller.rb": [
        1,
        1,
        1,
        null,
        1,
        3,
        3,
        1,
        1,
        null,
        2,
        2,
        null,
        null,
        null,
        1,
        1,
        1,
        null,
        null,
        1,
        null,
        1,
        1,
        1,
        null,
        null
      ],
      "/Users/johnfigueiredo/rails_projects/sample_app/app/models/micropost.rb": [
        1,
        1,
        1,
        null,
        1,
        1,
        null,
        1,
        null,
        1,
        17,
        null,
        17,
        null,
        null,
        null
      ],
      "/Users/johnfigueiredo/rails_projects/sample_app/app/controllers/relationships_controller.rb": [
        1,
        1,
        null,
        1,
        5,
        5,
        5,
        8,
        5,
        null,
        null,
        null,
        1,
        5,
        5,
        5,
        8,
        5,
        null,
        null,
        null
      ],
      "/Users/johnfigueiredo/rails_projects/sample_app/app/models/relationship.rb": [
        1,
        1,
        null,
        1,
        1,
        null,
        1,
        1,
        null
      ],
      "/Users/johnfigueiredo/rails_projects/sample_app/app/controllers/sessions_controller.rb": [
        1,
        null,
        1,
        null,
        null,
        1,
        63,
        63,
        60,
        60,
        null,
        3,
        3,
        null,
        null,
        null,
        1,
        1,
        1,
        null,
        null
      ],
      "/Users/johnfigueiredo/rails_projects/sample_app/app/controllers/static_pages_controller.rb": [
        1,
        null,
        1,
        20,
        12,
        12,
        null,
        null,
        null,
        1,
        null,
        null,
        1,
        null,
        null,
        1,
        null,
        null
      ],
      "/Users/johnfigueiredo/rails_projects/sample_app/app/controllers/users_controller.rb": [
        1,
        1,
        null,
        1,
        1,
        null,
        1,
        90,
        90,
        null,
        null,
        1,
        7,
        null,
        null,
        1,
        7,
        7,
        4,
        4,
        4,
        null,
        3,
        null,
        null,
        null,
        1,
        11,
        null,
        null,
        1,
        6,
        6,
        5,
        5,
        5,
        null,
        1,
        null,
        null,
        null,
        1,
        12,
        null,
        null,
        1,
        1,
        1,
        1,
        null,
        null,
        1,
        3,
        3,
        3,
        3,
        null,
        null,
        1,
        3,
        3,
        3,
        3,
        null,
        null,
        1,
        null,
        1,
        19,
        19,
        null,
        null,
        1,
        2,
        null,
        null
      ],
      "/Users/johnfigueiredo/rails_projects/sample_app/app/models/user.rb": [
        null,
        null,
        null,
        null,
        null,
        null,
        null,
        null,
        null,
        null,
        1,
        1,
        1,
        1,
        1,
        1,
        1,
        null,
        null,
        1,
        null,
        183,
        1,
        null,
        1,
        1,
        1,
        null,
        null,
        1,
        1,
        null,
        1,
        17,
        null,
        null,
        1,
        14,
        null,
        null,
        1,
        27,
        null,
        null,
        1,
        7,
        null,
        null,
        1,
        null,
        1,
        182,
        null,
        null
      ]
    },
    "timestamp": 1357930152
  }
}
